Traceback (most recent call last):
  File "/nfs/hpc/share/soloww/digital_twin/bayesian_optimizer.py", line 685, in <module>
    main()
  File "/nfs/hpc/share/soloww/digital_twin/bayesian_optimizer.py", line 681, in main
    optim.plot()
  File "/nfs/hpc/share/soloww/digital_twin/bayesian_optimizer.py", line 492, in plot
    self.plot_avg(true, model, path=path)
  File "/nfs/hpc/share/soloww/digital_twin/bayesian_optimizer.py", line 503, in plot_avg
    true_avg, true_std = utils.weighted_avg_and_std(true)
  File "/nfs/hpc/share/soloww/digital_twin/utils.py", line 51, in weighted_avg_and_std
    max_len = max(len(row) for row in arr)
ValueError: max() arg is an empty sequence
Traceback (most recent call last):
  File "/nfs/hpc/share/soloww/digital_twin/bayesian_optimizer.py", line 685, in <module>
    main()
  File "/nfs/hpc/share/soloww/digital_twin/bayesian_optimizer.py", line 681, in main
    optim.plot()
  File "/nfs/hpc/share/soloww/digital_twin/bayesian_optimizer.py", line 492, in plot
    self.plot_avg(true, model, path=path)
  File "/nfs/hpc/share/soloww/digital_twin/bayesian_optimizer.py", line 503, in plot_avg
    true_avg, true_std = utils.weighted_avg_and_std(true)
  File "/nfs/hpc/share/soloww/digital_twin/utils.py", line 51, in weighted_avg_and_std
    max_len = max(len(row) for row in arr)
ValueError: max() arg is an empty sequence
/var/spool/slurmd/job18196704/slurm_script: line 9: 373987 Killed                  python3 bayesian_optimizer.py --cultivar "$CULTIVAR"
slurmstepd: error: Detected 1 oom_kill event in StepId=18196704.batch. Some of the step tasks have been OOM Killed.
/var/spool/slurmd/job18196701/slurm_script: line 9: 371935 Killed                  python3 bayesian_optimizer.py --cultivar "$CULTIVAR"
slurmstepd: error: Detected 1 oom_kill event in StepId=18196701.batch. Some of the step tasks have been OOM Killed.
/var/spool/slurmd/job18196706/slurm_script: line 9: 375365 Killed                  python3 bayesian_optimizer.py --cultivar "$CULTIVAR"
slurmstepd: error: Detected 1 oom_kill event in StepId=18196706.batch. Some of the step tasks have been OOM Killed.
/var/spool/slurmd/job18196702/slurm_script: line 9: 372609 Killed                  python3 bayesian_optimizer.py --cultivar "$CULTIVAR"
slurmstepd: error: Detected 1 oom_kill event in StepId=18196702.batch. Some of the step tasks have been OOM Killed.
/var/spool/slurmd/job18196705/slurm_script: line 9: 374679 Killed                  python3 bayesian_optimizer.py --cultivar "$CULTIVAR"
slurmstepd: error: Detected 1 oom_kill event in StepId=18196705.batch. Some of the step tasks have been OOM Killed.
/var/spool/slurmd/job18196707/slurm_script: line 9: 376064 Killed                  python3 bayesian_optimizer.py --cultivar "$CULTIVAR"
slurmstepd: error: Detected 1 oom_kill event in StepId=18196707.batch. Some of the step tasks have been OOM Killed.
/var/spool/slurmd/job18196703/slurm_script: line 9: 373308 Killed                  python3 bayesian_optimizer.py --cultivar "$CULTIVAR"
slurmstepd: error: Detected 1 oom_kill event in StepId=18196703.batch. Some of the step tasks have been OOM Killed.
/var/spool/slurmd/job18196699/slurm_script: line 9: 370523 Killed                  python3 bayesian_optimizer.py --cultivar "$CULTIVAR"
slurmstepd: error: Detected 1 oom_kill event in StepId=18196699.batch. Some of the step tasks have been OOM Killed.
/var/spool/slurmd/job18196700/slurm_script: line 9: 371270 Killed                  python3 bayesian_optimizer.py --cultivar "$CULTIVAR"
slurmstepd: error: Detected 1 oom_kill event in StepId=18196700.batch. Some of the step tasks have been OOM Killed.
